<?xml version="1.0" encoding="UTF-8"?>
<!-- Generated by org.testng.reporters.JUnitXMLReporter -->
<testsuite ignored="0" hostname="Nandu-Laptop" failures="0" tests="5" name="Default test" time="31.05" errors="0" timestamp="2022-05-11T21:12:09 EDT">
  <testcase classname="com.dsalgo.TestCases.Tc_Queue_005" name="Queue" time="4.897"/>
  <testcase classname="com.dsalgo.TestCases.Tc_Queue_005" name="Queue1" time="5.461"/>
  <testcase classname="com.dsalgo.TestCases.Tc_Queue_005" name="Queue2" time="4.545"/>
  <testcase classname="com.dsalgo.TestCases.Tc_Queue_005" name="Queue3" time="4.649"/>
  <testcase classname="com.dsalgo.TestCases.Tc_Queue_005" name="Queue4" time="4.916"/>
</testsuite> <!-- Default test -->
