<?xml version="1.0" encoding="UTF-8"?>
<!-- Generated by org.testng.reporters.JUnitXMLReporter -->
<testsuite ignored="0" hostname="Nandu-Laptop" failures="4" tests="13" name="GetStarted" time="51.976" errors="0" timestamp="2022-05-08T20:41:34 EDT">
  <testcase classname="com.dsalgo.TestCases.Tc_GetStarted_001" name="getstarted" time="0.66"/>
  <testcase classname="com.dsalgo.TestCases.Tc_Signin_003" name="signin" time="1.647"/>
  <testcase classname="com.dsalgo.TestCases.Tc_Arrays_004" name="Arrays" time="13.925"/>
  <testcase classname="com.dsalgo.TestCases.Tc_Queue_005" name="Queue" time="1.506"/>
  <testcase classname="com.dsalgo.TestCases.Tc_Queue_005" name="Queue1" time="3.579"/>
  <testcase classname="com.dsalgo.TestCases.Tc_Queue_005" name="Queue2" time="2.924"/>
  <testcase classname="com.dsalgo.TestCases.Tc_Queue_005" name="Queue3" time="2.787"/>
  <testcase classname="com.dsalgo.TestCases.Tc_Queue_005" name="Queue4" time="2.978"/>
  <testcase classname="com.dsalgo.TestCases.Tc_SigninFail_003" name="signinfail" time="1.804">
    <failure type="java.lang.AssertionError">
      <![CDATA[java.lang.AssertionError
at org.junit.Assert.fail(Assert.java:87)
at org.junit.Assert.assertTrue(Assert.java:42)
at org.junit.Assert.assertTrue(Assert.java:53)
at com.dsalgo.TestCases.Tc_SigninFail_003.signinfail(Tc_SigninFail_003.java:29)
at java.base/java.util.ArrayList.forEach(ArrayList.java:1511)
... Removed 27 stack frames]]>
    </failure>
  </testcase> <!-- signinfail -->
  <testcase classname="com.dsalgo.TestCases.TC_signinDDT_003" name="signinddt" time="1.54"/>
  <testcase classname="com.dsalgo.TestCases.TC_signinDDT_003" name="signinddt" time="0.926">
    <failure type="java.lang.AssertionError">
      <![CDATA[java.lang.AssertionError
at org.junit.Assert.fail(Assert.java:87)
at org.junit.Assert.assertTrue(Assert.java:42)
at org.junit.Assert.assertTrue(Assert.java:53)
at com.dsalgo.TestCases.TC_signinDDT_003.signinddt(TC_signinDDT_003.java:33)
at java.base/java.util.ArrayList.forEach(ArrayList.java:1511)
... Removed 27 stack frames]]>
    </failure>
  </testcase> <!-- signinddt -->
  <testcase classname="com.dsalgo.TestCases.TC_signinDDT_003" name="signinddt" time="1.179">
    <failure type="java.lang.AssertionError">
      <![CDATA[java.lang.AssertionError
at org.junit.Assert.fail(Assert.java:87)
at org.junit.Assert.assertTrue(Assert.java:42)
at org.junit.Assert.assertTrue(Assert.java:53)
at com.dsalgo.TestCases.TC_signinDDT_003.signinddt(TC_signinDDT_003.java:33)
at java.base/java.util.ArrayList.forEach(ArrayList.java:1511)
... Removed 27 stack frames]]>
    </failure>
  </testcase> <!-- signinddt -->
  <testcase classname="com.dsalgo.TestCases.TC_signinDDT_003" name="signinddt" time="1.056">
    <failure type="java.lang.AssertionError">
      <![CDATA[java.lang.AssertionError
at org.junit.Assert.fail(Assert.java:87)
at org.junit.Assert.assertTrue(Assert.java:42)
at org.junit.Assert.assertTrue(Assert.java:53)
at com.dsalgo.TestCases.TC_signinDDT_003.signinddt(TC_signinDDT_003.java:33)
at java.base/java.util.ArrayList.forEach(ArrayList.java:1511)
... Removed 27 stack frames]]>
    </failure>
  </testcase> <!-- signinddt -->
</testsuite> <!-- GetStarted -->
