<?xml version="1.0" encoding="UTF-8"?>
<!-- Generated by org.testng.reporters.JUnitXMLReporter -->
<testsuite ignored="0" hostname="Nandu-Laptop" failures="0" tests="4" name="QueueTest" time="0.237" errors="0" timestamp="2022-05-04T13:18:16 EDT">
  <testcase classname="com.dsalgo.TestCases.Tc_Queue_005" name="@BeforeTest Queue" time="0.112">
    <failure type="java.lang.NullPointerException" message="Cannot invoke &amp;quot;org.openqa.selenium.SearchContext.findElement(org.openqa.selenium.By)&amp;quot; because &amp;quot;this.searchContext&amp;quot; is null">
      <![CDATA[java.lang.NullPointerException: Cannot invoke "org.openqa.selenium.SearchContext.findElement(org.openqa.selenium.By)" because "this.searchContext" is null
at org.openqa.selenium.support.pagefactory.DefaultElementLocator.findElement(DefaultElementLocator.java:70)
at org.openqa.selenium.support.pagefactory.internal.LocatingElementHandler.invoke(LocatingElementHandler.java:39)
at jdk.proxy2/jdk.proxy2.$Proxy13.click(Unknown Source)
at com.dsalgo.PageObjects.GetStartedPage.getstart(GetStartedPage.java:18)
at com.dsalgo.TestCases.Tc_Queue_005.Queue(Tc_Queue_005.java:15)
... Removed 24 stack frames]]>
    </failure>
  </testcase> <!-- @BeforeTest Queue -->
  <testcase classname="com.dsalgo.TestCases.BaseClass" name="@BeforeClass setup" time="-1.651684696034E9">
    <skipped/>
  </testcase> <!-- @BeforeClass setup -->
  <testcase classname="com.dsalgo.TestCases.Tc_Queue_005" name="Queue1" time="0.0">
    <skipped/>
  </testcase> <!-- Queue1 -->
  <testcase classname="com.dsalgo.TestCases.Tc_Queue_005" name="Queue2" time="0.0">
    <skipped/>
  </testcase> <!-- Queue2 -->
  <testcase classname="com.dsalgo.TestCases.Tc_Queue_005" name="Queue3" time="0.0">
    <skipped/>
  </testcase> <!-- Queue3 -->
  <testcase classname="com.dsalgo.TestCases.Tc_Queue_005" name="Queue4" time="0.0">
    <skipped/>
  </testcase> <!-- Queue4 -->
</testsuite> <!-- QueueTest -->
